<?xml version="1.0" encoding="UTF-8"?>
<TestRun id="4ac9ce29-e723-4c5f-a165-1b553f8c8bd3" name="Justin Williams@JUSTIN-DT 2009-12-01 02:12:54" runUser="JUSTIN-DT\Justin Williams" xmlns="http://microsoft.com/schemas/VisualStudio/TeamTest/2006">
  <TestRunConfiguration name="Local Test Run" id="34513c49-8a33-47eb-8c0f-842752c8c8de">
    <Description>This is a default test run configuration for a local test run.</Description>
    <Deployment userDeploymentRoot="C:\Documents and Settings\Justin Williams\Desktop\School\UTD\7Fall 09\Requirements\ScheduleManagementSystemFinalRevAv\ScheduleManagementSystemRev7\TestResults" useDefaultDeploymentRoot="false" runDeploymentRoot="C:\Documents and Settings\Justin Williams\Desktop\School\UTD\7Fall 09\Requirements\ScheduleManagementSystemFinalRevAv\ScheduleManagementSystemRev7\TestResults\Justin Williams_JUSTIN-DT 2009-12-01 02_12_54">
      <DeploymentItem filename="C:\Documents and Settings\Justin Williams\Desktop\School\UTD\7Fall 09\Requirements\ScheduleManagementSystemFinalRevAv\ScheduleManagementSystemRev7\ScheduleManagementSystem.Contract\bin\Debug\ScheduleManagementSystem.Contract.dll" />
      <DeploymentItem filename="C:\Documents and Settings\Justin Williams\Desktop\School\UTD\7Fall 09\Requirements\ScheduleManagementSystemFinalRevAv\ScheduleManagementSystemRev7\ScheduleManagementSystem.Dal\bin\Debug\ScheduleManagementSystem.Dal.dll" />
    </Deployment>
    <TestTypeSpecific />
  </TestRunConfiguration>
  <ResultSummary outcome="Failed">
    <Counters total="1" executed="1" error="0" failed="1" timeout="0" aborted="0" inconclusive="0" passedButRunAborted="0" notRunnable="0" notExecuted="0" disconnected="0" warning="0" passed="0" completed="0" inProgress="0" pending="0" />
  </ResultSummary>
  <Times creation="2009-12-01T02:12:54.5468750-06:00" queuing="2009-12-01T02:12:59.6250000-06:00" start="2009-12-01T02:13:01.0781250-06:00" finish="2009-12-01T02:13:29.4843750-06:00" />
  <TestDefinitions>
    <UnitTest name="should_return_all_users" storage="c:\documents and settings\justin williams\desktop\school\utd\7fall 09\requirements\schedulemanagementsystemfinalrevav\schedulemanagementsystemrev7\schedulemanagementsystem.test\bin\debug\schedulemanagementsystem.test.dll" id="07a85d88-731d-43dc-8bbe-cb33eda1b6bf">
      <Css projectStructure="" iteration="" />
      <Owners>
        <Owner name="" />
      </Owners>
      <Execution id="e8fe345b-8116-40c3-be20-460512878e49" />
      <TestMethod codeBase="C:\Documents and Settings\Justin Williams\Desktop\School\UTD\7Fall 09\Requirements\ScheduleManagementSystemFinalRevAv\ScheduleManagementSystemRev7\ScheduleManagementSystem.Test\bin\Debug\ScheduleManagementSystem.Test.dll" adapterTypeName="Microsoft.VisualStudio.TestTools.TestTypes.Unit.UnitTestAdapter, Microsoft.VisualStudio.QualityTools.Tips.UnitTest.Adapter, Version=9.0.0.0, Culture=neutral, PublicKeyToken=b03f5f7f11d50a3a" className="ScheduleManagementSystem.Test.Dal.when_retrieving_users, ScheduleManagementSystem.Test" name="should_return_all_users" />
    </UnitTest>
  </TestDefinitions>
  <TestLists>
    <TestList name="Results Not in a List" id="8c84fa94-04c1-424b-9868-57a2d4851a1d" />
    <TestList name="All Loaded Results" id="19431567-8539-422a-85d7-44ee4e166bda" />
  </TestLists>
  <TestEntries>
    <TestEntry testId="07a85d88-731d-43dc-8bbe-cb33eda1b6bf" executionId="e8fe345b-8116-40c3-be20-460512878e49" testListId="8c84fa94-04c1-424b-9868-57a2d4851a1d" />
  </TestEntries>
  <Results>
    <UnitTestResult executionId="e8fe345b-8116-40c3-be20-460512878e49" testId="07a85d88-731d-43dc-8bbe-cb33eda1b6bf" testName="should_return_all_users" computerName="JUSTIN-DT" duration="00:00:23.6810091" startTime="2009-12-01T02:13:02.0625000-06:00" endTime="2009-12-01T02:13:28.2812500-06:00" testType="13cdc9d9-ddb5-4fa4-a97d-d965ccfc6d4b" outcome="Failed" testListId="8c84fa94-04c1-424b-9868-57a2d4851a1d">
      <Output>
        <ErrorInfo>
          <Message>Initialization method ScheduleManagementSystem.Test.Dal.when_retrieving_users.TestInitialize threw exception. System.Exception:  System.Exception: Incorrect AutoSync specification for member 'UserId' ---&gt;  System.InvalidOperationException: Incorrect AutoSync specification for member 'UserId'.</Message>
          <StackTrace>    at System.Data.Linq.Mapping.AttributedMetaDataMember..ctor(AttributedMetaType metaType, MemberInfo mi, Int32 ordinal)
   at System.Data.Linq.Mapping.AttributedMetaType.InitDataMembers()
   at System.Data.Linq.Mapping.AttributedMetaType..ctor(MetaModel model, MetaTable table, Type type, MetaType inheritanceRoot)
   at System.Data.Linq.Mapping.AttributedRootType..ctor(AttributedMetaModel model, AttributedMetaTable table, Type type)
   at System.Data.Linq.Mapping.AttributedMetaTable..ctor(AttributedMetaModel model, TableAttribute attr, Type rowType)
   at System.Data.Linq.Mapping.AttributedMetaModel.GetTableNoLocks(Type rowType)
   at System.Data.Linq.Mapping.AttributedMetaModel.GetTable(Type rowType)
   at System.Data.Linq.DataContext.GetTable[TEntity]()
   at ScheduleManagementSystem.Test.Dal.Utility.DMSTestDataContext.get_UserDtos() in C:\Documents and Settings\Justin Williams\Desktop\School\UTD\7Fall 09\Requirements\ScheduleManagementSystemFinalRevAv\ScheduleManagementSystemRev7\ScheduleManagementSystem.Test\Dal\Utility\DMSTest.designer.cs:line 144
   at ScheduleManagementSystem.Test.Dal.when_retrieving_users.Cleanup() in C:\Documents and Settings\Justin Williams\Desktop\School\UTD\7Fall 09\Requirements\ScheduleManagementSystemFinalRevAv\ScheduleManagementSystemRev7\ScheduleManagementSystem.Test\Dal\when_retrieving_users.cs:line 78
   at ScheduleManagementSystem.Test.TestContextSpecification.TestInitialize() in C:\Documents and Settings\Justin Williams\Desktop\School\UTD\7Fall 09\Requirements\ScheduleManagementSystemFinalRevAv\ScheduleManagementSystemRev7\ScheduleManagementSystem.Test\TestContextSpecification.cs:line 36
 --- End of inner exception stack trace ---
    at ScheduleManagementSystem.Test.TestContextSpecification.TestInitialize() in C:\Documents and Settings\Justin Williams\Desktop\School\UTD\7Fall 09\Requirements\ScheduleManagementSystemFinalRevAv\ScheduleManagementSystemRev7\ScheduleManagementSystem.Test\TestContextSpecification.cs:line 41
</StackTrace>
        </ErrorInfo>
      </Output>
    </UnitTestResult>
  </Results>
</TestRun>