<?xml version="1.0" encoding="UTF-8"?>
<TestRun id="5af17945-57a1-4fdc-becd-4e328a8b634c" name="Justin Williams@JUSTIN-DT 2009-12-01 08:27:04" runUser="JUSTIN-DT\Justin Williams" xmlns="http://microsoft.com/schemas/VisualStudio/TeamTest/2006">
  <TestRunConfiguration name="Local Test Run" id="34513c49-8a33-47eb-8c0f-842752c8c8de">
    <Description>This is a default test run configuration for a local test run.</Description>
    <Deployment runDeploymentRoot="C:\Documents and Settings\Justin Williams\Desktop\School\UTD\7Fall 09\Requirements\ScheduleManagementSystemFinalRevAv\ScheduleManagementSystemRev7\TestResults\Justin Williams_JUSTIN-DT 2009-12-01 08_27_04">
      <DeploymentItem filename="C:\Documents and Settings\Justin Williams\Desktop\School\UTD\7Fall 09\Requirements\ScheduleManagementSystemFinalRevAv\ScheduleManagementSystemRev7\ScheduleManagementSystem.Contract\bin\Debug\ScheduleManagementSystem.Contract.dll" />
      <DeploymentItem filename="C:\Documents and Settings\Justin Williams\Desktop\School\UTD\7Fall 09\Requirements\ScheduleManagementSystemFinalRevAv\ScheduleManagementSystemRev7\ScheduleManagementSystem.Dal\bin\Debug\ScheduleManagementSystem.Dal.dll" />
    </Deployment>
    <TestTypeSpecific />
  </TestRunConfiguration>
  <ResultSummary outcome="Error">
    <Counters total="1" error="0" failed="0" timeout="0" aborted="0" inconclusive="0" passedButRunAborted="0" notRunnable="0" notExecuted="1" disconnected="0" warning="0" passed="0" completed="0" inProgress="0" pending="0" />
    <RunInfos>
      <RunInfo computerName="JUSTIN-DT" outcome="Error" timestamp="2009-12-01T08:27:10.0468750-06:00">
        <Text>Failed to queue test run 'Justin Williams@JUSTIN-DT 2009-12-01 08:27:04': Test Run deployment issue: The location of the file or directory 'c:\documents and settings\justin williams\desktop\school\utd\7fall 09\requirements\schedulemanagementsystemfinalrevav\schedulemanagementsystemrev7\schedulemanagementsystem.test\bin\debug\schedulemanagementsystem.test.dll.config' is not trusted.</Text>
        <Exception>Microsoft.VisualStudio.TestTools.TestManagement.ExecutionException: Test Run deployment issue: The location of the file or directory 'c:\documents and settings\justin williams\desktop\school\utd\7fall 09\requirements\schedulemanagementsystemfinalrevav\schedulemanagementsystemrev7\schedulemanagementsystem.test\bin\debug\schedulemanagementsystem.test.dll.config' is not trusted.
   at Microsoft.VisualStudio.TestTools.TestManagement.DeploymentManager.DoDeployment(TestRun run, FileCopyService fileCopyService)
   at Microsoft.VisualStudio.TestTools.TestManagement.ControllerProxy.SetupTestRun(TestRun run, Boolean isNewTestRun, FileCopyService&amp; fileCopyService)
   at Microsoft.VisualStudio.TestTools.TestManagement.ControllerProxy.QueueTestRunWorker(Object state)</Exception>
      </RunInfo>
    </RunInfos>
  </ResultSummary>
  <Times creation="2009-12-01T08:27:04.4531250-06:00" queuing="2009-12-01T08:27:04.4531250-06:00" start="2009-12-01T08:27:04.4531250-06:00" finish="2009-12-01T08:27:10.0937500-06:00" />
  <TestDefinitions>
    <UnitTest name="should_return_correct_location_by_location_id" storage="c:\documents and settings\justin williams\desktop\school\utd\7fall 09\requirements\schedulemanagementsystemfinalrevav\schedulemanagementsystemrev7\schedulemanagementsystem.test\bin\debug\schedulemanagementsystem.test.dll" id="93278581-8af3-e025-0ad7-4af3ac35b835">
      <Css projectStructure="" iteration="" />
      <Owners>
        <Owner name="" />
      </Owners>
      <TestMethod codeBase="C:\Documents and Settings\Justin Williams\Desktop\School\UTD\7Fall 09\Requirements\ScheduleManagementSystemFinalRevAv\ScheduleManagementSystemRev7\ScheduleManagementSystem.Test\bin\Debug\ScheduleManagementSystem.Test.dll" adapterTypeName="Microsoft.VisualStudio.TestTools.TestTypes.Unit.UnitTestAdapter, Microsoft.VisualStudio.QualityTools.Tips.UnitTest.Adapter, Version=9.0.0.0, Culture=neutral, PublicKeyToken=b03f5f7f11d50a3a" className="ScheduleManagementSystem.Test.Dal.when_retrieving_locations, ScheduleManagementSystem.Test" name="should_return_correct_location_by_location_id" />
    </UnitTest>
  </TestDefinitions>
  <TestLists>
    <TestList name="Results Not in a List" id="8c84fa94-04c1-424b-9868-57a2d4851a1d" />
    <TestList name="All Loaded Results" id="19431567-8539-422a-85d7-44ee4e166bda" />
  </TestLists>
  <TestEntries>
    <TestEntry testId="93278581-8af3-e025-0ad7-4af3ac35b835" executionId="cbd9d184-2d28-4686-98fb-5a4fc83a73b7" testListId="8c84fa94-04c1-424b-9868-57a2d4851a1d" />
  </TestEntries>
  <Results>
    <UnitTestResult executionId="cbd9d184-2d28-4686-98fb-5a4fc83a73b7" testId="93278581-8af3-e025-0ad7-4af3ac35b835" testName="should_return_correct_location_by_location_id" computerName="JUSTIN-DT" duration="00:00:00" startTime="0001-01-01T00:00:00.0000000-06:00" endTime="0001-01-01T00:00:00.0000000-06:00" testType="13cdc9d9-ddb5-4fa4-a97d-d965ccfc6d4b" outcome="NotExecuted" testListId="8c84fa94-04c1-424b-9868-57a2d4851a1d">
    </UnitTestResult>
  </Results>
</TestRun>