<?xml version="1.0" encoding="UTF-8"?>
<TestRun id="58e71ad0-d1ca-43a6-b4bc-9d97b9127e2a" name="Justin Williams@JUSTIN-DT 2009-12-01 08:31:15" runUser="JUSTIN-DT\Justin Williams" xmlns="http://microsoft.com/schemas/VisualStudio/TeamTest/2006">
  <TestRunConfiguration name="Local Test Run" id="34513c49-8a33-47eb-8c0f-842752c8c8de">
    <Description>This is a default test run configuration for a local test run.</Description>
    <Deployment runDeploymentRoot="C:\Documents and Settings\Justin Williams\Desktop\School\UTD\7Fall 09\Requirements\ScheduleManagementSystemFinalRevAv\ScheduleManagementSystemRev7\TestResults\Justin Williams_JUSTIN-DT 2009-12-01 08_31_15">
      <DeploymentItem filename="C:\Documents and Settings\Justin Williams\Desktop\School\UTD\7Fall 09\Requirements\ScheduleManagementSystemFinalRevAv\ScheduleManagementSystemRev7\ScheduleManagementSystem.Contract\bin\Debug\ScheduleManagementSystem.Contract.dll" />
      <DeploymentItem filename="C:\Documents and Settings\Justin Williams\Desktop\School\UTD\7Fall 09\Requirements\ScheduleManagementSystemFinalRevAv\ScheduleManagementSystemRev7\ScheduleManagementSystem.Dal\bin\Debug\ScheduleManagementSystem.Dal.dll" />
    </Deployment>
    <TestTypeSpecific />
  </TestRunConfiguration>
  <ResultSummary outcome="Failed">
    <Counters total="1" executed="1" error="0" failed="1" timeout="0" aborted="0" inconclusive="0" passedButRunAborted="0" notRunnable="0" notExecuted="0" disconnected="0" warning="0" passed="0" completed="0" inProgress="0" pending="0" />
  </ResultSummary>
  <Times creation="2009-12-01T08:31:15.5000000-06:00" queuing="2009-12-01T08:31:21.2968750-06:00" start="2009-12-01T08:31:22.6093750-06:00" finish="2009-12-01T08:38:03.8906250-06:00" />
  <TestDefinitions>
    <UnitTest name="should_return_correct_location_by_location_id" storage="c:\documents and settings\justin williams\desktop\school\utd\7fall 09\requirements\schedulemanagementsystemfinalrevav\schedulemanagementsystemrev7\schedulemanagementsystem.test\bin\debug\schedulemanagementsystem.test.dll" id="93278581-8af3-e025-0ad7-4af3ac35b835">
      <Css projectStructure="" iteration="" />
      <Owners>
        <Owner name="" />
      </Owners>
      <Execution id="dd4b0209-2c87-4a93-8a68-c8ed703b5ea8" />
      <TestMethod codeBase="C:\Documents and Settings\Justin Williams\Desktop\School\UTD\7Fall 09\Requirements\ScheduleManagementSystemFinalRevAv\ScheduleManagementSystemRev7\ScheduleManagementSystem.Test\bin\Debug\ScheduleManagementSystem.Test.dll" adapterTypeName="Microsoft.VisualStudio.TestTools.TestTypes.Unit.UnitTestAdapter, Microsoft.VisualStudio.QualityTools.Tips.UnitTest.Adapter, Version=9.0.0.0, Culture=neutral, PublicKeyToken=b03f5f7f11d50a3a" className="ScheduleManagementSystem.Test.Dal.when_retrieving_locations, ScheduleManagementSystem.Test" name="should_return_correct_location_by_location_id" />
    </UnitTest>
  </TestDefinitions>
  <TestLists>
    <TestList name="Results Not in a List" id="8c84fa94-04c1-424b-9868-57a2d4851a1d" />
    <TestList name="All Loaded Results" id="19431567-8539-422a-85d7-44ee4e166bda" />
  </TestLists>
  <TestEntries>
    <TestEntry testId="93278581-8af3-e025-0ad7-4af3ac35b835" executionId="dd4b0209-2c87-4a93-8a68-c8ed703b5ea8" testListId="8c84fa94-04c1-424b-9868-57a2d4851a1d" />
  </TestEntries>
  <Results>
    <UnitTestResult executionId="dd4b0209-2c87-4a93-8a68-c8ed703b5ea8" testId="93278581-8af3-e025-0ad7-4af3ac35b835" testName="should_return_correct_location_by_location_id" computerName="JUSTIN-DT" duration="00:06:33.1019570" startTime="2009-12-01T08:31:23.2812500-06:00" endTime="2009-12-01T08:37:58.5312500-06:00" testType="13cdc9d9-ddb5-4fa4-a97d-d965ccfc6d4b" outcome="Failed" testListId="8c84fa94-04c1-424b-9868-57a2d4851a1d">
      <Output>
        <ErrorInfo>
          <Message>Assert.AreEqual failed. Expected:&lt;Test 3&gt;. Actual:&lt;Test 2&gt;. </Message>
          <StackTrace>   at ScheduleManagementSystem.Test.Dal.when_retrieving_locations.should_return_correct_location_by_location_id() in C:\Documents and Settings\Justin Williams\Desktop\School\UTD\7Fall 09\Requirements\ScheduleManagementSystemFinalRevAv\ScheduleManagementSystemRev7\ScheduleManagementSystem.Test\Dal\when_retrieving_locations.cs:line 100
</StackTrace>
        </ErrorInfo>
      </Output>
    </UnitTestResult>
  </Results>
</TestRun>