<?xml version="1.0" encoding="UTF-8"?>
<TestRun id="ba6bca7c-971c-4ec2-9a34-b60afed95e1d" name="Ryan@RYAN-LAPTOP 2009-12-01 10:23:51" runUser="Ryan-Laptop\Ryan" xmlns="http://microsoft.com/schemas/VisualStudio/TeamTest/2006">
  <TestRunConfiguration name="Local Test Run" id="34513c49-8a33-47eb-8c0f-842752c8c8de">
    <Description>This is a default test run configuration for a local test run.</Description>
    <Deployment runDeploymentRoot="C:\Users\Ryan\Desktop\Justin\ScheduleManagementSystemFinalRevAvWithUnitTests\ScheduleManagementSystemFinalRevAv\ScheduleManagementSystemRev7\TestResults\Ryan_RYAN-LAPTOP 2009-12-01 10_23_51">
      <DeploymentItem filename="C:\Users\Ryan\Desktop\Justin\ScheduleManagementSystemFinalRevAvWithUnitTests\ScheduleManagementSystemFinalRevAv\ScheduleManagementSystemRev7\ScheduleManagementSystem.Contract\bin\Debug\ScheduleManagementSystem.Contract.dll" />
      <DeploymentItem filename="C:\Users\Ryan\Desktop\Justin\ScheduleManagementSystemFinalRevAvWithUnitTests\ScheduleManagementSystemFinalRevAv\ScheduleManagementSystemRev7\ScheduleManagementSystem.Dal\bin\Debug\ScheduleManagementSystem.Dal.dll" />
    </Deployment>
    <TestTypeSpecific />
  </TestRunConfiguration>
  <ResultSummary outcome="Completed">
    <Counters total="1" executed="1" passed="1" error="0" failed="0" timeout="0" aborted="0" inconclusive="0" passedButRunAborted="0" notRunnable="0" notExecuted="0" disconnected="0" warning="0" completed="0" inProgress="0" pending="0" />
  </ResultSummary>
  <Times creation="2009-12-01T10:23:51.1026000-06:00" queuing="2009-12-01T10:23:53.1756000-06:00" start="2009-12-01T10:23:53.4166000-06:00" finish="2009-12-01T10:25:17.2306000-06:00" />
  <TestDefinitions>
    <UnitTest name="should_return_correct_location_by_location_id" storage="c:\users\ryan\desktop\justin\schedulemanagementsystemfinalrevavwithunittests\schedulemanagementsystemfinalrevav\schedulemanagementsystemrev7\schedulemanagementsystem.test\bin\debug\schedulemanagementsystem.test.dll" id="93278581-8af3-e025-0ad7-4af3ac35b835">
      <Css projectStructure="" iteration="" />
      <Owners>
        <Owner name="" />
      </Owners>
      <Execution id="01237a27-58dd-498c-8a9a-fb0e7fd50d56" />
      <TestMethod codeBase="C:\Users\Ryan\Desktop\Justin\ScheduleManagementSystemFinalRevAvWithUnitTests\ScheduleManagementSystemFinalRevAv\ScheduleManagementSystemRev7\ScheduleManagementSystem.Test\bin\Debug\ScheduleManagementSystem.Test.dll" adapterTypeName="Microsoft.VisualStudio.TestTools.TestTypes.Unit.UnitTestAdapter, Microsoft.VisualStudio.QualityTools.Tips.UnitTest.Adapter, Version=9.0.0.0, Culture=neutral, PublicKeyToken=b03f5f7f11d50a3a" className="ScheduleManagementSystem.Test.Dal.when_retrieving_locations, ScheduleManagementSystem.Test" name="should_return_correct_location_by_location_id" />
    </UnitTest>
  </TestDefinitions>
  <TestLists>
    <TestList name="Results Not in a List" id="8c84fa94-04c1-424b-9868-57a2d4851a1d" />
    <TestList name="All Loaded Results" id="19431567-8539-422a-85d7-44ee4e166bda" />
  </TestLists>
  <TestEntries>
    <TestEntry testId="93278581-8af3-e025-0ad7-4af3ac35b835" executionId="01237a27-58dd-498c-8a9a-fb0e7fd50d56" testListId="8c84fa94-04c1-424b-9868-57a2d4851a1d" />
  </TestEntries>
  <Results>
    <UnitTestResult executionId="01237a27-58dd-498c-8a9a-fb0e7fd50d56" testId="93278581-8af3-e025-0ad7-4af3ac35b835" testName="should_return_correct_location_by_location_id" computerName="RYAN-LAPTOP" duration="00:01:23.0554592" startTime="2009-12-01T10:23:53.5616000-06:00" endTime="2009-12-01T10:25:17.1326000-06:00" testType="13cdc9d9-ddb5-4fa4-a97d-d965ccfc6d4b" outcome="Passed" testListId="8c84fa94-04c1-424b-9868-57a2d4851a1d">
      <Output>
      </Output>
    </UnitTestResult>
  </Results>
</TestRun>